[08-Apr-2019 19:09:38 UTC] PHP Warning:  include(dbConnection.php): failed to open stream: No such file or directory in /home/ubuntu/workspace/cst336/practice/p8/api/get_word_api.php on line 5
[08-Apr-2019 19:09:38 UTC] PHP Stack trace:
[08-Apr-2019 19:09:38 UTC] PHP   1. {main}() /home/ubuntu/workspace/cst336/practice/p8/api/get_word_api.php:0
[08-Apr-2019 19:09:38 UTC] PHP Warning:  include(): Failed opening 'dbConnection.php' for inclusion (include_path='.:/usr/share/php:/usr/share/pear') in /home/ubuntu/workspace/cst336/practice/p8/api/get_word_api.php on line 5
[08-Apr-2019 19:09:38 UTC] PHP Stack trace:
[08-Apr-2019 19:09:38 UTC] PHP   1. {main}() /home/ubuntu/workspace/cst336/practice/p8/api/get_word_api.php:0
[08-Apr-2019 19:09:38 UTC] PHP Fatal error:  Call to undefined function getDatabaseConnection() in /home/ubuntu/workspace/cst336/practice/p8/api/get_word_api.php on line 6
[08-Apr-2019 19:09:38 UTC] PHP Stack trace:
[08-Apr-2019 19:09:38 UTC] PHP   1. {main}() /home/ubuntu/workspace/cst336/practice/p8/api/get_word_api.php:0
[08-Apr-2019 19:09:42 UTC] PHP Warning:  include(dbConnection.php): failed to open stream: No such file or directory in /home/ubuntu/workspace/cst336/practice/p8/api/check_word.php on line 4
[08-Apr-2019 19:09:42 UTC] PHP Stack trace:
[08-Apr-2019 19:09:42 UTC] PHP   1. {main}() /home/ubuntu/workspace/cst336/practice/p8/api/check_word.php:0
[08-Apr-2019 19:09:42 UTC] PHP Warning:  include(): Failed opening 'dbConnection.php' for inclusion (include_path='.:/usr/share/php:/usr/share/pear') in /home/ubuntu/workspace/cst336/practice/p8/api/check_word.php on line 4
[08-Apr-2019 19:09:42 UTC] PHP Stack trace:
[08-Apr-2019 19:09:42 UTC] PHP   1. {main}() /home/ubuntu/workspace/cst336/practice/p8/api/check_word.php:0
[08-Apr-2019 19:16:56 UTC] PHP Warning:  include(dbConnection.php): failed to open stream: No such file or directory in /home/ubuntu/workspace/cst336/practice/p8/api/get_word_api.php on line 5
[08-Apr-2019 19:16:56 UTC] PHP Stack trace:
[08-Apr-2019 19:16:56 UTC] PHP   1. {main}() /home/ubuntu/workspace/cst336/practice/p8/api/get_word_api.php:0
[08-Apr-2019 19:16:56 UTC] PHP Warning:  include(): Failed opening 'dbConnection.php' for inclusion (include_path='.:/usr/share/php:/usr/share/pear') in /home/ubuntu/workspace/cst336/practice/p8/api/get_word_api.php on line 5
[08-Apr-2019 19:16:56 UTC] PHP Stack trace:
[08-Apr-2019 19:16:56 UTC] PHP   1. {main}() /home/ubuntu/workspace/cst336/practice/p8/api/get_word_api.php:0
[08-Apr-2019 19:16:56 UTC] PHP Fatal error:  Call to undefined function getDatabaseConnection() in /home/ubuntu/workspace/cst336/practice/p8/api/get_word_api.php on line 6
[08-Apr-2019 19:16:56 UTC] PHP Stack trace:
[08-Apr-2019 19:16:56 UTC] PHP   1. {main}() /home/ubuntu/workspace/cst336/practice/p8/api/get_word_api.php:0
[08-Apr-2019 19:16:59 UTC] PHP Warning:  include(dbConnection.php): failed to open stream: No such file or directory in /home/ubuntu/workspace/cst336/practice/p8/api/check_word.php on line 4
[08-Apr-2019 19:16:59 UTC] PHP Stack trace:
[08-Apr-2019 19:16:59 UTC] PHP   1. {main}() /home/ubuntu/workspace/cst336/practice/p8/api/check_word.php:0
[08-Apr-2019 19:16:59 UTC] PHP Warning:  include(): Failed opening 'dbConnection.php' for inclusion (include_path='.:/usr/share/php:/usr/share/pear') in /home/ubuntu/workspace/cst336/practice/p8/api/check_word.php on line 4
[08-Apr-2019 19:16:59 UTC] PHP Stack trace:
[08-Apr-2019 19:16:59 UTC] PHP   1. {main}() /home/ubuntu/workspace/cst336/practice/p8/api/check_word.php:0
[08-Apr-2019 19:17:08 UTC] PHP Warning:  include(dbConnection.php): failed to open stream: No such file or directory in /home/ubuntu/workspace/cst336/practice/p8/api/get_word_api.php on line 5
[08-Apr-2019 19:17:08 UTC] PHP Stack trace:
[08-Apr-2019 19:17:08 UTC] PHP   1. {main}() /home/ubuntu/workspace/cst336/practice/p8/api/get_word_api.php:0
[08-Apr-2019 19:17:08 UTC] PHP Warning:  include(): Failed opening 'dbConnection.php' for inclusion (include_path='.:/usr/share/php:/usr/share/pear') in /home/ubuntu/workspace/cst336/practice/p8/api/get_word_api.php on line 5
[08-Apr-2019 19:17:08 UTC] PHP Stack trace:
[08-Apr-2019 19:17:08 UTC] PHP   1. {main}() /home/ubuntu/workspace/cst336/practice/p8/api/get_word_api.php:0
[08-Apr-2019 19:17:08 UTC] PHP Fatal error:  Call to undefined function getDatabaseConnection() in /home/ubuntu/workspace/cst336/practice/p8/api/get_word_api.php on line 6
[08-Apr-2019 19:17:08 UTC] PHP Stack trace:
[08-Apr-2019 19:17:08 UTC] PHP   1. {main}() /home/ubuntu/workspace/cst336/practice/p8/api/get_word_api.php:0
[08-Apr-2019 19:19:14 UTC] PHP Warning:  include(dbConnection.php): failed to open stream: No such file or directory in /home/ubuntu/workspace/cst336/practice/p8/api/check_word.php on line 4
[08-Apr-2019 19:19:14 UTC] PHP Stack trace:
[08-Apr-2019 19:19:14 UTC] PHP   1. {main}() /home/ubuntu/workspace/cst336/practice/p8/api/check_word.php:0
[08-Apr-2019 19:19:14 UTC] PHP Warning:  include(): Failed opening 'dbConnection.php' for inclusion (include_path='.:/usr/share/php:/usr/share/pear') in /home/ubuntu/workspace/cst336/practice/p8/api/check_word.php on line 4
[08-Apr-2019 19:19:14 UTC] PHP Stack trace:
[08-Apr-2019 19:19:14 UTC] PHP   1. {main}() /home/ubuntu/workspace/cst336/practice/p8/api/check_word.php:0
[08-Apr-2019 19:30:34 UTC] PHP Warning:  include(dbConnection.php): failed to open stream: No such file or directory in /home/ubuntu/workspace/cst336/practice/p8/api/check_word.php on line 4
[08-Apr-2019 19:30:34 UTC] PHP Stack trace:
[08-Apr-2019 19:30:34 UTC] PHP   1. {main}() /home/ubuntu/workspace/cst336/practice/p8/api/check_word.php:0
[08-Apr-2019 19:30:34 UTC] PHP Warning:  include(): Failed opening 'dbConnection.php' for inclusion (include_path='.:/usr/share/php:/usr/share/pear') in /home/ubuntu/workspace/cst336/practice/p8/api/check_word.php on line 4
[08-Apr-2019 19:30:34 UTC] PHP Stack trace:
[08-Apr-2019 19:30:34 UTC] PHP   1. {main}() /home/ubuntu/workspace/cst336/practice/p8/api/check_word.php:0
[08-Apr-2019 19:30:34 UTC] PHP Warning:  include(dbConnection.php): failed to open stream: No such file or directory in /home/ubuntu/workspace/cst336/practice/p8/api/check_word.php on line 4
[08-Apr-2019 19:30:34 UTC] PHP Stack trace:
[08-Apr-2019 19:30:34 UTC] PHP   1. {main}() /home/ubuntu/workspace/cst336/practice/p8/api/check_word.php:0
[08-Apr-2019 19:30:34 UTC] PHP Warning:  include(): Failed opening 'dbConnection.php' for inclusion (include_path='.:/usr/share/php:/usr/share/pear') in /home/ubuntu/workspace/cst336/practice/p8/api/check_word.php on line 4
[08-Apr-2019 19:30:34 UTC] PHP Stack trace:
[08-Apr-2019 19:30:34 UTC] PHP   1. {main}() /home/ubuntu/workspace/cst336/practice/p8/api/check_word.php:0
[08-Apr-2019 19:30:42 UTC] PHP Warning:  include(dbConnection.php): failed to open stream: No such file or directory in /home/ubuntu/workspace/cst336/practice/p8/api/check_word.php on line 4
[08-Apr-2019 19:30:42 UTC] PHP Stack trace:
[08-Apr-2019 19:30:42 UTC] PHP   1. {main}() /home/ubuntu/workspace/cst336/practice/p8/api/check_word.php:0
[08-Apr-2019 19:30:42 UTC] PHP Warning:  include(): Failed opening 'dbConnection.php' for inclusion (include_path='.:/usr/share/php:/usr/share/pear') in /home/ubuntu/workspace/cst336/practice/p8/api/check_word.php on line 4
[08-Apr-2019 19:30:42 UTC] PHP Stack trace:
[08-Apr-2019 19:30:42 UTC] PHP   1. {main}() /home/ubuntu/workspace/cst336/practice/p8/api/check_word.php:0
[08-Apr-2019 20:13:16 UTC] PHP Fatal error:  Uncaught exception 'PDOException' with message 'SQLSTATE[42S22]: Column not found: 1054 Unknown column 'wordId' in 'where clause'' in /home/ubuntu/workspace/cst336/practice/p8/api/check_word.php:11
Stack trace:
#0 /home/ubuntu/workspace/cst336/practice/p8/api/check_word.php(11): PDOStatement->execute()
#1 {main}
  thrown in /home/ubuntu/workspace/cst336/practice/p8/api/check_word.php on line 11
[08-Apr-2019 20:13:25 UTC] PHP Fatal error:  Uncaught exception 'PDOException' with message 'SQLSTATE[42S22]: Column not found: 1054 Unknown column 'wordId' in 'where clause'' in /home/ubuntu/workspace/cst336/practice/p8/api/check_word.php:11
Stack trace:
#0 /home/ubuntu/workspace/cst336/practice/p8/api/check_word.php(11): PDOStatement->execute()
#1 {main}
  thrown in /home/ubuntu/workspace/cst336/practice/p8/api/check_word.php on line 11
[08-Apr-2019 20:32:23 UTC] PHP Fatal error:  Uncaught exception 'PDOException' with message 'SQLSTATE[42000]: Syntax error or access violation: 1064 You have an error in your SQL syntax; check the manual that corresponds to your MySQL server version for the right syntax to use near '' at line 1' in /home/ubuntu/workspace/cst336/practice/p8/api/check_word.php:11
Stack trace:
#0 /home/ubuntu/workspace/cst336/practice/p8/api/check_word.php(11): PDOStatement->execute()
#1 {main}
  thrown in /home/ubuntu/workspace/cst336/practice/p8/api/check_word.php on line 11
