[04-Apr-2019 23:47:54 UTC] PHP Fatal error:  Uncaught exception 'PDOException' with message 'SQLSTATE[HY093]: Invalid parameter number: no parameters were bound' in /home/ubuntu/workspace/cst336/labs/lab7/loginProcess.php:18
Stack trace:
#0 /home/ubuntu/workspace/cst336/labs/lab7/loginProcess.php(18): PDOStatement->execute()
#1 {main}
  thrown in /home/ubuntu/workspace/cst336/labs/lab7/loginProcess.php on line 18
[08-Apr-2019 06:18:20 UTC] PHP Fatal error:  Call to undefined function issset() in /home/ubuntu/workspace/cst336/labs/lab7/admin.php on line 4
[08-Apr-2019 06:18:21 UTC] PHP Stack trace:
[08-Apr-2019 06:18:21 UTC] PHP   1. {main}() /home/ubuntu/workspace/cst336/labs/lab7/admin.php:0
[08-Apr-2019 06:20:49 UTC] PHP Fatal error:  Call to undefined function issset() in /home/ubuntu/workspace/cst336/labs/lab7/admin.php on line 4
[08-Apr-2019 06:20:49 UTC] PHP Stack trace:
[08-Apr-2019 06:20:49 UTC] PHP   1. {main}() /home/ubuntu/workspace/cst336/labs/lab7/admin.php:0
[08-Apr-2019 06:21:02 UTC] PHP Fatal error:  Call to undefined function issset() in /home/ubuntu/workspace/cst336/labs/lab7/admin.php on line 4
[08-Apr-2019 06:21:02 UTC] PHP Stack trace:
[08-Apr-2019 06:21:02 UTC] PHP   1. {main}() /home/ubuntu/workspace/cst336/labs/lab7/admin.php:0
[08-Apr-2019 06:21:27 UTC] PHP Fatal error:  Call to undefined function issset() in /home/ubuntu/workspace/cst336/labs/lab7/admin.php on line 4
[08-Apr-2019 06:21:27 UTC] PHP Stack trace:
[08-Apr-2019 06:21:27 UTC] PHP   1. {main}() /home/ubuntu/workspace/cst336/labs/lab7/admin.php:0
[08-Apr-2019 06:22:00 UTC] PHP Fatal error:  Call to undefined function issset() in /home/ubuntu/workspace/cst336/labs/lab7/admin.php on line 4
[08-Apr-2019 06:22:00 UTC] PHP Stack trace:
[08-Apr-2019 06:22:00 UTC] PHP   1. {main}() /home/ubuntu/workspace/cst336/labs/lab7/admin.php:0
[08-Apr-2019 17:48:49 UTC] PHP Fatal error:  Call to undefined function issset() in /home/ubuntu/workspace/cst336/labs/lab7/addProducts.php on line 5
[08-Apr-2019 17:48:49 UTC] PHP Stack trace:
[08-Apr-2019 17:48:49 UTC] PHP   1. {main}() /home/ubuntu/workspace/cst336/labs/lab7/addProducts.php:0
[08-Apr-2019 17:49:27 UTC] PHP Fatal error:  Call to undefined function issset() in /home/ubuntu/workspace/cst336/labs/lab7/addProducts.php on line 5
[08-Apr-2019 17:49:27 UTC] PHP Stack trace:
[08-Apr-2019 17:49:27 UTC] PHP   1. {main}() /home/ubuntu/workspace/cst336/labs/lab7/addProducts.php:0
